{
  "uid" : "582b1fbacd049a89",
  "name" : "Create new label for authorized user",
  "fullName" : "Labels: Create new label for authorized user",
  "historyId" : "e509c4c6de4e5cecb9d9ec918f3c625b",
  "time" : {
    "start" : 1597819396230,
    "stop" : 1597819396241,
    "duration" : 11
  },
  "status" : "broken",
  "statusMessage" : "Element not found for xpath [//div[@class='something']]",
  "statusTrace" : "java.lang.RuntimeException: Element not found for xpath [//div[@class='something']]\n\tat io.qameta.allure.examples.cucumber5.WebSteps.maybeThrowElementNotFoundException(WebSteps.java:89)\n\tat io.qameta.allure.examples.cucumber5.WebSteps.createLabelWithTitle(WebSteps.java:29)\n\tat ✽.I create label with title \"hello\"(file:///home/runner/work/allure-examples/allure-examples/java-cucumber5-jvm-maven/src/test/resources/features/labels-web.feature:11)\n",
  "flaky" : false,
  "newFailed" : false,
  "beforeStages" : [ ],
  "testStage" : {
    "status" : "broken",
    "statusMessage" : "Element not found for xpath [//div[@class='something']]",
    "statusTrace" : "java.lang.RuntimeException: Element not found for xpath [//div[@class='something']]\n\tat io.qameta.allure.examples.cucumber5.WebSteps.maybeThrowElementNotFoundException(WebSteps.java:89)\n\tat io.qameta.allure.examples.cucumber5.WebSteps.createLabelWithTitle(WebSteps.java:29)\n\tat ✽.I create label with title \"hello\"(file:///home/runner/work/allure-examples/allure-examples/java-cucumber5-jvm-maven/src/test/resources/features/labels-web.feature:11)\n",
    "steps" : [ {
      "name" : "When  I open labels page",
      "time" : {
        "start" : 1597819396230,
        "stop" : 1597819396232,
        "duration" : 2
      },
      "status" : "passed",
      "steps" : [ ],
      "attachments" : [ ],
      "parameters" : [ ],
      "stepsCount" : 0,
      "attachmentsCount" : 0,
      "shouldDisplayMessage" : false,
      "hasContent" : false
    }, {
      "name" : "And  I create label with title \"hello\"",
      "time" : {
        "start" : 1597819396234,
        "stop" : 1597819396238,
        "duration" : 4
      },
      "status" : "broken",
      "statusMessage" : "Element not found for xpath [//div[@class='something']]",
      "statusTrace" : "java.lang.RuntimeException: Element not found for xpath [//div[@class='something']]\n\tat io.qameta.allure.examples.cucumber5.WebSteps.maybeThrowElementNotFoundException(WebSteps.java:89)\n\tat io.qameta.allure.examples.cucumber5.WebSteps.createLabelWithTitle(WebSteps.java:29)\n\tat ✽.I create label with title \"hello\"(file:///home/runner/work/allure-examples/allure-examples/java-cucumber5-jvm-maven/src/test/resources/features/labels-web.feature:11)\n",
      "steps" : [ ],
      "attachments" : [ ],
      "parameters" : [ ],
      "stepsCount" : 0,
      "attachmentsCount" : 0,
      "shouldDisplayMessage" : true,
      "hasContent" : true
    }, {
      "name" : "Then  I should see label with title \"hello\"",
      "time" : {
        "start" : 1597819396240,
        "stop" : 1597819396240,
        "duration" : 0
      },
      "status" : "skipped",
      "steps" : [ ],
      "attachments" : [ ],
      "parameters" : [ ],
      "stepsCount" : 0,
      "attachmentsCount" : 0,
      "shouldDisplayMessage" : false,
      "hasContent" : false
    } ],
    "attachments" : [ ],
    "parameters" : [ ],
    "stepsCount" : 3,
    "attachmentsCount" : 0,
    "shouldDisplayMessage" : false,
    "hasContent" : true
  },
  "afterStages" : [ ],
  "labels" : [ {
    "name" : "tag",
    "value" : "regress"
  }, {
    "name" : "severity",
    "value" : "critical"
  }, {
    "name" : "host",
    "value" : "fv-az184"
  }, {
    "name" : "thread",
    "value" : "4159@fv-az184.main(1)"
  }, {
    "name" : "feature",
    "value" : "Labels"
  }, {
    "name" : "story",
    "value" : "Create new label for authorized user"
  }, {
    "name" : "suite",
    "value" : "Labels"
  }, {
    "name" : "testClass",
    "value" : "Create new label for authorized user"
  }, {
    "name" : "framework",
    "value" : "cucumber4jvm"
  }, {
    "name" : "language",
    "value" : "java"
  }, {
    "name" : "gherkin_uri",
    "value" : "file:///home/runner/work/allure-examples/allure-examples/java-cucumber5-jvm-maven/src/test/resources/features/labels-web.feature"
  }, {
    "name" : "package",
    "value" : "src.test.resources.features.labels-web_feature.Labels"
  }, {
    "name" : "resultFormat",
    "value" : "allure2"
  } ],
  "parameters" : [ ],
  "links" : [ ],
  "hidden" : false,
  "retry" : false,
  "extra" : {
    "severity" : "critical",
    "retries" : [ ],
    "categories" : [ {
      "name" : "Test defects",
      "matchedStatuses" : [ ],
      "flaky" : false
    } ],
    "tags" : [ "regress" ]
  },
  "source" : "582b1fbacd049a89.json",
  "parameterValues" : [ ]
}